<?xml version="1.0" encoding="UTF-8"?>
<!-- Generated by org.testng.reporters.JUnitXMLReporter -->
<testsuite ignored="0" hostname="MSI" failures="0" tests="5" name="Default test" time="12.768" errors="0" timestamp="2024-08-17T19:24:18 IST">
  <testcase classname="apiTestCases.ValidateUserInfoTest" name="validateUserInfoTest" time="3.244"/>
  <testcase classname="apiTestCases.ValidateUserInfoTest" name="validateUserInfoTest" time="2.434"/>
  <testcase classname="apiTestCases.ValidateUserInfoTest" name="validateUserInfoTest" time="2.572"/>
  <testcase classname="apiTestCases.ValidateUserInfoTest" name="validateUserInfoTest" time="1.484"/>
  <testcase classname="apiTestCases.ValidateUserInfoTest" name="validateUserInfoTest" time="1.812"/>
</testsuite> <!-- Default test -->
