<?xml version="1.0" encoding="UTF-8"?>
<!-- Generated by org.testng.reporters.JUnitXMLReporter -->
<testsuite ignored="0" hostname="MSI" failures="0" tests="5" name="Test" time="7.059" errors="0" timestamp="2024-08-16T13:30:15 IST">
  <testcase classname="apiTestCases.UserInfo" name="getUserInfo" time="1.85"/>
  <testcase classname="apiTestCases.UserInfo" name="getUserInfo" time="1.118"/>
  <testcase classname="apiTestCases.UserInfo" name="getUserInfo" time="1.126"/>
  <testcase classname="apiTestCases.UserInfo" name="getUserInfo" time="1.145"/>
  <testcase classname="apiTestCases.UserInfo" name="getUserInfo" time="1.187"/>
</testsuite> <!-- Test -->
