<?xml version="1.0" encoding="UTF-8"?>
<testng-results ignored="0" total="5" passed="5" failed="0" skipped="0">
  <reporter-output>
  </reporter-output>
  <suite started-at="2024-08-17T19:24:05 IST" name="Default suite" finished-at="2024-08-17T19:24:18 IST" duration-ms="12768">
    <groups>
    </groups>
    <test started-at="2024-08-17T19:24:05 IST" name="Default test" finished-at="2024-08-17T19:24:18 IST" duration-ms="12768">
      <class name="apiTestCases.ValidateUserInfoTest">
        <test-method signature="validateUserInfoTest(java.lang.String,java.lang.String)[pri:0, instance:apiTestCases.ValidateUserInfoTest@73e22a3d]" started-at="2024-08-17T19:24:06 IST" name="validateUserInfoTest" data-provider="ProgData" finished-at="2024-08-17T19:24:09 IST" duration-ms="3244" status="PASS">
          <params>
            <param index="0">
              <value>
                <![CDATA[john ]]>
              </value>
            </param>
            <param index="1">
              <value>
                <![CDATA[73]]>
              </value>
            </param>
          </params>
          <reporter-output>
          </reporter-output>
        </test-method> <!-- validateUserInfoTest -->
        <test-method signature="validateUserInfoTest(java.lang.String,java.lang.String)[pri:0, instance:apiTestCases.ValidateUserInfoTest@73e22a3d]" started-at="2024-08-17T19:24:09 IST" name="validateUserInfoTest" data-provider="ProgData" finished-at="2024-08-17T19:24:12 IST" duration-ms="2434" status="PASS">
          <params>
            <param index="0">
              <value>
                <![CDATA[tom ]]>
              </value>
            </param>
            <param index="1">
              <value>
                <![CDATA[66]]>
              </value>
            </param>
          </params>
          <reporter-output>
          </reporter-output>
        </test-method> <!-- validateUserInfoTest -->
        <test-method signature="validateUserInfoTest(java.lang.String,java.lang.String)[pri:0, instance:apiTestCases.ValidateUserInfoTest@73e22a3d]" started-at="2024-08-17T19:24:12 IST" name="validateUserInfoTest" data-provider="ProgData" finished-at="2024-08-17T19:24:14 IST" duration-ms="2572" status="PASS">
          <params>
            <param index="0">
              <value>
                <![CDATA[jerry]]>
              </value>
            </param>
            <param index="1">
              <value>
                <![CDATA[75]]>
              </value>
            </param>
          </params>
          <reporter-output>
          </reporter-output>
        </test-method> <!-- validateUserInfoTest -->
        <test-method signature="validateUserInfoTest(java.lang.String,java.lang.String)[pri:0, instance:apiTestCases.ValidateUserInfoTest@73e22a3d]" started-at="2024-08-17T19:24:14 IST" name="validateUserInfoTest" data-provider="ProgData" finished-at="2024-08-17T19:24:16 IST" duration-ms="1484" status="PASS">
          <params>
            <param index="0">
              <value>
                <![CDATA[kevin]]>
              </value>
            </param>
            <param index="1">
              <value>
                <![CDATA[50]]>
              </value>
            </param>
          </params>
          <reporter-output>
          </reporter-output>
        </test-method> <!-- validateUserInfoTest -->
        <test-method signature="validateUserInfoTest(java.lang.String,java.lang.String)[pri:0, instance:apiTestCases.ValidateUserInfoTest@73e22a3d]" started-at="2024-08-17T19:24:16 IST" name="validateUserInfoTest" data-provider="ProgData" finished-at="2024-08-17T19:24:18 IST" duration-ms="1812" status="PASS">
          <params>
            <param index="0">
              <value>
                <![CDATA[amanda]]>
              </value>
            </param>
            <param index="1">
              <value>
                <![CDATA[46]]>
              </value>
            </param>
          </params>
          <reporter-output>
          </reporter-output>
        </test-method> <!-- validateUserInfoTest -->
      </class> <!-- apiTestCases.ValidateUserInfoTest -->
    </test> <!-- Default test -->
  </suite> <!-- Default suite -->
</testng-results>
