<?xml version="1.0" encoding="UTF-8"?>
<testng-results ignored="0" total="10" passed="10" failed="0" skipped="0">
  <reporter-output>
  </reporter-output>
  <suite started-at="2024-08-17T19:31:11 IST" name="Suite" finished-at="2024-08-17T19:31:37 IST" duration-ms="26401">
    <groups>
    </groups>
    <test started-at="2024-08-17T19:31:11 IST" name="Test" finished-at="2024-08-17T19:31:37 IST" duration-ms="26401">
      <class name="apiTestCases.ValidateUserInfoTest">
        <test-method signature="validateUserInfoTest(java.lang.String,java.lang.String)[pri:0, instance:apiTestCases.ValidateUserInfoTest@60129b9a]" started-at="2024-08-17T19:31:26 IST" name="validateUserInfoTest" data-provider="ProgData" finished-at="2024-08-17T19:31:28 IST" duration-ms="2384" status="PASS">
          <params>
            <param index="0">
              <value>
                <![CDATA[john ]]>
              </value>
            </param>
            <param index="1">
              <value>
                <![CDATA[73]]>
              </value>
            </param>
          </params>
          <reporter-output>
          </reporter-output>
        </test-method> <!-- validateUserInfoTest -->
        <test-method signature="validateUserInfoTest(java.lang.String,java.lang.String)[pri:0, instance:apiTestCases.ValidateUserInfoTest@60129b9a]" started-at="2024-08-17T19:31:28 IST" name="validateUserInfoTest" data-provider="ProgData" finished-at="2024-08-17T19:31:31 IST" duration-ms="3425" status="PASS">
          <params>
            <param index="0">
              <value>
                <![CDATA[tom ]]>
              </value>
            </param>
            <param index="1">
              <value>
                <![CDATA[66]]>
              </value>
            </param>
          </params>
          <reporter-output>
          </reporter-output>
        </test-method> <!-- validateUserInfoTest -->
        <test-method signature="validateUserInfoTest(java.lang.String,java.lang.String)[pri:0, instance:apiTestCases.ValidateUserInfoTest@60129b9a]" started-at="2024-08-17T19:31:31 IST" name="validateUserInfoTest" data-provider="ProgData" finished-at="2024-08-17T19:31:33 IST" duration-ms="1774" status="PASS">
          <params>
            <param index="0">
              <value>
                <![CDATA[jerry]]>
              </value>
            </param>
            <param index="1">
              <value>
                <![CDATA[75]]>
              </value>
            </param>
          </params>
          <reporter-output>
          </reporter-output>
        </test-method> <!-- validateUserInfoTest -->
        <test-method signature="validateUserInfoTest(java.lang.String,java.lang.String)[pri:0, instance:apiTestCases.ValidateUserInfoTest@60129b9a]" started-at="2024-08-17T19:31:33 IST" name="validateUserInfoTest" data-provider="ProgData" finished-at="2024-08-17T19:31:35 IST" duration-ms="1471" status="PASS">
          <params>
            <param index="0">
              <value>
                <![CDATA[kevin]]>
              </value>
            </param>
            <param index="1">
              <value>
                <![CDATA[50]]>
              </value>
            </param>
          </params>
          <reporter-output>
          </reporter-output>
        </test-method> <!-- validateUserInfoTest -->
        <test-method signature="validateUserInfoTest(java.lang.String,java.lang.String)[pri:0, instance:apiTestCases.ValidateUserInfoTest@60129b9a]" started-at="2024-08-17T19:31:35 IST" name="validateUserInfoTest" data-provider="ProgData" finished-at="2024-08-17T19:31:37 IST" duration-ms="2339" status="PASS">
          <params>
            <param index="0">
              <value>
                <![CDATA[amanda]]>
              </value>
            </param>
            <param index="1">
              <value>
                <![CDATA[46]]>
              </value>
            </param>
          </params>
          <reporter-output>
          </reporter-output>
        </test-method> <!-- validateUserInfoTest -->
      </class> <!-- apiTestCases.ValidateUserInfoTest -->
      <class name="apiTestCases.GetUserInfoTest">
        <test-method signature="getUserInfo(java.lang.String,java.lang.String)[pri:0, instance:apiTestCases.GetUserInfoTest@7a220c9a]" started-at="2024-08-17T19:31:12 IST" name="getUserInfo" data-provider="ProgData" finished-at="2024-08-17T19:31:16 IST" duration-ms="4042" status="PASS">
          <params>
            <param index="0">
              <value>
                <![CDATA[john ]]>
              </value>
            </param>
            <param index="1">
              <value>
                <![CDATA[73]]>
              </value>
            </param>
          </params>
          <reporter-output>
          </reporter-output>
        </test-method> <!-- getUserInfo -->
        <test-method signature="getUserInfo(java.lang.String,java.lang.String)[pri:0, instance:apiTestCases.GetUserInfoTest@7a220c9a]" started-at="2024-08-17T19:31:16 IST" name="getUserInfo" data-provider="ProgData" finished-at="2024-08-17T19:31:19 IST" duration-ms="2594" status="PASS">
          <params>
            <param index="0">
              <value>
                <![CDATA[tom ]]>
              </value>
            </param>
            <param index="1">
              <value>
                <![CDATA[66]]>
              </value>
            </param>
          </params>
          <reporter-output>
          </reporter-output>
        </test-method> <!-- getUserInfo -->
        <test-method signature="getUserInfo(java.lang.String,java.lang.String)[pri:0, instance:apiTestCases.GetUserInfoTest@7a220c9a]" started-at="2024-08-17T19:31:19 IST" name="getUserInfo" data-provider="ProgData" finished-at="2024-08-17T19:31:21 IST" duration-ms="1627" status="PASS">
          <params>
            <param index="0">
              <value>
                <![CDATA[jerry]]>
              </value>
            </param>
            <param index="1">
              <value>
                <![CDATA[75]]>
              </value>
            </param>
          </params>
          <reporter-output>
          </reporter-output>
        </test-method> <!-- getUserInfo -->
        <test-method signature="getUserInfo(java.lang.String,java.lang.String)[pri:0, instance:apiTestCases.GetUserInfoTest@7a220c9a]" started-at="2024-08-17T19:31:21 IST" name="getUserInfo" data-provider="ProgData" finished-at="2024-08-17T19:31:24 IST" duration-ms="2837" status="PASS">
          <params>
            <param index="0">
              <value>
                <![CDATA[kevin]]>
              </value>
            </param>
            <param index="1">
              <value>
                <![CDATA[50]]>
              </value>
            </param>
          </params>
          <reporter-output>
          </reporter-output>
        </test-method> <!-- getUserInfo -->
        <test-method signature="getUserInfo(java.lang.String,java.lang.String)[pri:0, instance:apiTestCases.GetUserInfoTest@7a220c9a]" started-at="2024-08-17T19:31:24 IST" name="getUserInfo" data-provider="ProgData" finished-at="2024-08-17T19:31:25 IST" duration-ms="1771" status="PASS">
          <params>
            <param index="0">
              <value>
                <![CDATA[amanda]]>
              </value>
            </param>
            <param index="1">
              <value>
                <![CDATA[46]]>
              </value>
            </param>
          </params>
          <reporter-output>
          </reporter-output>
        </test-method> <!-- getUserInfo -->
      </class> <!-- apiTestCases.GetUserInfoTest -->
    </test> <!-- Test -->
  </suite> <!-- Suite -->
</testng-results>
